【登录信息】
[f77919459f5e040b6bb2ec1bd4157501]
`登陆天数: 2天 / 886天
等级: 125
石头: 3
呼符: 0
友情点: 0 / 710955`
*連続ログイン2日目
※ログインが途切れるか、7日到達すると
1日目から再開されます*
`聖晶石 X 1
6月交換券(2022) X 1
`*リリース2500日突破キャンペーン 初回ログインボーナス*
*開催期間中、初回ログインで「聖晶石×10」をプレゼント！*
`聖晶石 X 10
`_2022-06-01 19:38:19_
--------
[89f69d302f70baf850414d22832b0037]
`登陆天数: 2天 / 689天
等级: 122
石头: 1635
呼符: 0
友情点: 0 / 515490`
*連続ログイン2日目
※ログインが途切れるか、7日到達すると
1日目から再開されます*
`聖晶石 X 1
6月交換券(2022) X 1
`*リリース2500日突破キャンペーン 初回ログインボーナス*
*開催期間中、初回ログインで「聖晶石×10」をプレゼント！*
`聖晶石 X 10
`_2022-06-01 19:38:27_
--------
