【登录信息】
[f77919459f5e040b6bb2ec1bd4157501]
`登陆天数: 4天 / 888天
等级: 125
石头: 3
呼符: 0
友情点: 0 / 710955`
*連続ログイン4日目
※ログインが途切れるか、7日到達すると
1日目から再開されます*
`聖晶石 X 1
6月交換券(2022) X 1
`*死想顕現界域 トラオム 或る幻想の生と死 開幕直前ログインボーナス*
*開催期間中、1日1回 最大7回 ログインボーナスをプレゼント！*
`聖晶石 X 1
黄金の果実 X 1
`_2022-06-03 19:31:38_
--------
[89f69d302f70baf850414d22832b0037]
`登陆天数: 4天 / 691天
等级: 122
石头: 1305
呼符: 0
友情点: 0 / 515490`
*連続ログイン4日目
※ログインが途切れるか、7日到達すると
1日目から再開されます*
`聖晶石 X 1
6月交換券(2022) X 1
`*死想顕現界域 トラオム 或る幻想の生と死 開幕直前ログインボーナス*
*開催期間中、1日1回 最大7回 ログインボーナスをプレゼント！*
`聖晶石 X 1
黄金の果実 X 1
`_2022-06-03 19:31:46_
--------
